1.975919689690021075e-01
1.937151521766468099e-01
1.895205000320172029e-01
1.853252198230073144e-01
1.811268358716276450e-01
1.769313107161745169e-01
1.727372361597223349e-01
1.682363772151265757e-01
1.643936573058000505e-01
1.595514555437006488e-01
1.553264659903443867e-01
1.508095851959701250e-01
1.463225176016565987e-01
1.424493264521725644e-01
1.379329816005157305e-01
1.334139290475162831e-01
1.289004567652642930e-01
1.247350308503567956e-01
1.205399612330735198e-01
1.163449803200773819e-01
1.121498642130503015e-01
1.079834458997016577e-01
1.034654281132764975e-01
9.898054012920880218e-02
9.481839765507556195e-02
8.997527548570224964e-02
8.545690741584524575e-02
8.061458968142597159e-02
7.641511385964004643e-02
7.221609744519014162e-02
6.773022410231616108e-02
6.353323053360887540e-02
5.866077422762187854e-02
5.446840405351163761e-02
4.962706062213988190e-02
4.478223428651840338e-02
4.023202389300824244e-02
3.506814051736112381e-02
3.084224845650345576e-02
2.697166314169117604e-02
2.248327184130224227e-02
1.796249730827168337e-02
1.374602651277590480e-02
8.898062826187248808e-03
